TRIANGULO40 [6.0, 2.0, 6.0, 7.0, 2.0, 7.0]
SEGMENTO48 [3.0, 7.0, 7.0, 7.0]
TRIANGULO21 [10.0, 9.0, 5.0, 5.0, 7.0, 5.0]
TRIANGULO22 [3.0, 7.0, 9.0, 3.0, 6.0, 7.0]
TRIANGULO23 [2.0, 10.0, 6.0, 3.0, 2.0, 2.0]
TRIANGULO46 [5.0, 5.0, 5.0, 2.0, 4.0, 6.0]
TRIANGULO47 [6.0, 3.0, 9.0, 4.0, 6.0, 10.0]
TRIANGULO26 [5.0, 3.0, 5.0, 3.0, 8.0, 3.0]
TRIANGULO48 [4.0, 7.0, 7.0, 7.0, 10.0, 10.0]
TRIANGULO49 [7.0, 5.0, 9.0, 7.0, 7.0, 6.0]
TRIANGULO28 [8.0, 3.0, 5.0, 7.0, 5.0, 4.0]
SEGMENTO12 [5.0, 5.0, 7.0, 5.0]
SEGMENTO53 [9.0, 5.0, 4.0, 5.0]
SEGMENTO19 [8.0, 4.0, 4.0, 4.0]
SEGMENTO18 [10.0, 2.0, 10.0, 2.0]
TRIANGULO52 [5.0, 2.0, 2.0, 6.0, 2.0, 8.0]
TRIANGULO31 [2.0, 5.0, 5.0, 2.0, 6.0, 2.0]
TRIANGULO53 [5.0, 4.0, 5.0, 7.0, 10.0, 8.0]
TRIANGULO10 [10.0, 8.0, 3.0, 8.0, 5.0, 6.0]
TRIANGULO33 [6.0, 8.0, 6.0, 6.0, 8.0, 2.0]
TRIANGULO13 [4.0, 7.0, 3.0, 6.0, 6.0, 7.0]
TRIANGULO14 [5.0, 5.0, 3.0, 5.0, 7.0, 10.0]
TRIANGULO36 [5.0, 2.0, 5.0, 4.0, 9.0, 2.0]
TRIANGULO37 [10.0, 2.0, 9.0, 7.0, 2.0, 2.0]
TRIANGULO16 [5.0, 6.0, 6.0, 9.0, 5.0, 10.0]
TRIANGULO38 [7.0, 9.0, 10.0, 9.0, 6.0, 6.0]
TRIANGULO39 [3.0, 4.0, 6.0, 4.0, 7.0, 8.0]
TRIANGULO2 [2.0, 8.0, 2.0, 9.0, 10.0, 5.0]
TRIANGULO18 [4.0, 7.0, 7.0, 9.0, 9.0, 7.0]
TRIANGULO19 [9.0, 8.0, 8.0, 10.0, 9.0, 3.0]
TRIANGULO4 [8.0, 5.0, 10.0, 6.0, 10.0, 6.0]
TRIANGULO5 [3.0, 3.0, 2.0, 5.0, 3.0, 9.0]
TRIANGULO8 [6.0, 7.0, 6.0, 2.0, 6.0, 10.0]
SEGMENTO45 [6.0, 6.0, 6.0, 10.0]
